<?xml version="1.0" encoding="UTF-8"?>
<testsuite name="com.marketgame.controller.customerControllerTest" tests="1" skipped="0" failures="0" errors="0" timestamp="2023-11-20T03:48:25" hostname="DESKTOP-KTQM53Q" time="1.137">
  <properties/>
  <testcase name="should return not found when update customer not existing()" classname="com.marketgame.controller.customerControllerTest" time="1.137"/>
  <system-out><![CDATA[00:48:16.548 [Test worker] INFO org.springframework.test.context.support.AnnotationConfigContextLoaderUtils -- Could not detect default configuration classes for test class [com.marketgame.controller.customerControllerTest]: customerControllerTest does not declare any static, non-private, non-final, nested classes annotated with @Configuration.
00:48:16.771 [Test worker] INFO org.springframework.boot.test.context.SpringBootTestContextBootstrapper -- Found @SpringBootConfiguration com.marketgame.MarketGameApplication for test class com.marketgame.controller.customerControllerTest

  .   ____          _            __ _ _
 /\\ / ___'_ __ _ _(_)_ __  __ _ \ \ \ \
( ( )\___ | '_ | '_| | '_ \/ _` | \ \ \ \
 \\/  ___)| |_)| | | | | || (_| |  ) ) ) )
  '  |____| .__|_| |_|_| |_\__, | / / / /
 =========|_|==============|___/=/_/_/_/
 :: Spring Boot ::                (v3.1.4)

2023-11-20T00:48:17.512-03:00  INFO 11320 --- [    Test worker] c.m.controller.customerControllerTest    : Starting customerControllerTest using Java 17.0.8.1 with PID 11320 (started by felip in C:\Users\felip\Desktop\market-game\market-game)
2023-11-20T00:48:17.514-03:00  INFO 11320 --- [    Test worker] c.m.controller.customerControllerTest    : No active profile set, falling back to 1 default profile: "default"
2023-11-20T00:48:19.147-03:00  INFO 11320 --- [    Test worker] .s.d.r.c.RepositoryConfigurationDelegate : Bootstrapping Spring Data JPA repositories in DEFAULT mode.
2023-11-20T00:48:19.243-03:00  INFO 11320 --- [    Test worker] .s.d.r.c.RepositoryConfigurationDelegate : Finished Spring Data repository scanning in 83 ms. Found 3 JPA repository interfaces.
2023-11-20T00:48:19.983-03:00  INFO 11320 --- [    Test worker] o.f.c.internal.license.VersionPrinter    : Flyway Community Edition 9.16.3 by Redgate
2023-11-20T00:48:19.983-03:00  INFO 11320 --- [    Test worker] o.f.c.internal.license.VersionPrinter    : See release notes here: https://rd.gt/416ObMi
2023-11-20T00:48:19.983-03:00  INFO 11320 --- [    Test worker] o.f.c.internal.license.VersionPrinter    : 
2023-11-20T00:48:20.001-03:00  INFO 11320 --- [    Test worker] com.zaxxer.hikari.HikariDataSource       : HikariPool-1 - Starting...
2023-11-20T00:48:20.352-03:00  INFO 11320 --- [    Test worker] com.zaxxer.hikari.pool.HikariPool        : HikariPool-1 - Added connection com.mysql.cj.jdbc.ConnectionImpl@7c095332
2023-11-20T00:48:20.355-03:00  INFO 11320 --- [    Test worker] com.zaxxer.hikari.HikariDataSource       : HikariPool-1 - Start completed.
2023-11-20T00:48:20.401-03:00  INFO 11320 --- [    Test worker] o.f.c.i.database.base.BaseDatabaseType   : Database: jdbc:mysql://localhost:3306/marketgame (MySQL 8.0)
2023-11-20T00:48:20.462-03:00  INFO 11320 --- [    Test worker] o.f.core.internal.command.DbValidate     : Successfully validated 6 migrations (execution time 00:00.031s)
2023-11-20T00:48:20.480-03:00  INFO 11320 --- [    Test worker] o.f.core.internal.command.DbMigrate      : Current version of schema `marketgame`: 6
2023-11-20T00:48:20.482-03:00  INFO 11320 --- [    Test worker] o.f.core.internal.command.DbMigrate      : Schema `marketgame` is up to date. No migration necessary.
2023-11-20T00:48:20.597-03:00  INFO 11320 --- [    Test worker] o.hibernate.jpa.internal.util.LogHelper  : HHH000204: Processing PersistenceUnitInfo [name: default]
2023-11-20T00:48:20.693-03:00  INFO 11320 --- [    Test worker] org.hibernate.Version                    : HHH000412: Hibernate ORM core version 6.2.9.Final
2023-11-20T00:48:20.697-03:00  INFO 11320 --- [    Test worker] org.hibernate.cfg.Environment            : HHH000406: Using bytecode reflection optimizer
2023-11-20T00:48:20.934-03:00  INFO 11320 --- [    Test worker] o.h.b.i.BytecodeProviderInitiator        : HHH000021: Bytecode provider name : bytebuddy
2023-11-20T00:48:21.185-03:00  INFO 11320 --- [    Test worker] o.s.o.j.p.SpringPersistenceUnitInfo      : No LoadTimeWeaver setup: ignoring JPA class transformer
2023-11-20T00:48:21.718-03:00  INFO 11320 --- [    Test worker] o.h.b.i.BytecodeProviderInitiator        : HHH000021: Bytecode provider name : bytebuddy
2023-11-20T00:48:22.732-03:00  INFO 11320 --- [    Test worker] o.h.e.t.j.p.i.JtaPlatformInitiator       : HHH000490: Using JtaPlatform implementation: [org.hibernate.engine.transaction.jta.platform.internal.NoJtaPlatform]
2023-11-20T00:48:22.835-03:00  INFO 11320 --- [    Test worker] j.LocalContainerEntityManagerFactoryBean : Initialized JPA EntityManagerFactory for persistence unit 'default'
2023-11-20T00:48:23.922-03:00  WARN 11320 --- [    Test worker] JpaBaseConfiguration$JpaWebConfiguration : spring.jpa.open-in-view is enabled by default. Therefore, database queries may be performed during view rendering. Explicitly configure spring.jpa.open-in-view to disable this warning
2023-11-20T00:48:24.399-03:00  INFO 11320 --- [    Test worker] o.s.s.web.DefaultSecurityFilterChain     : Will secure any request with [org.springframework.security.web.session.DisableEncodeUrlFilter@3a3a44f, org.springframework.security.web.context.request.async.WebAsyncManagerIntegrationFilter@123d3838, org.springframework.security.web.context.SecurityContextHolderFilter@4217145f, org.springframework.security.web.header.HeaderWriterFilter@1a823633, org.springframework.web.filter.CorsFilter@368e1d6, org.springframework.security.web.authentication.logout.LogoutFilter@e2a1643, com.marketgame.Security.AuthenticationFilter@77e8a7fc, com.marketgame.Security.AuthorizationFilter@6977f492, org.springframework.security.web.savedrequest.RequestCacheAwareFilter@108bac3c, org.springframework.security.web.servletapi.SecurityContextHolderAwareRequestFilter@564a9c89, org.springframework.security.web.authentication.AnonymousAuthenticationFilter@1270fd7c, org.springframework.security.web.session.SessionManagementFilter@69764b66, org.springframework.security.web.access.ExceptionTranslationFilter@1fb6a13a, org.springframework.security.web.access.intercept.AuthorizationFilter@2d179310]
2023-11-20T00:48:24.739-03:00  INFO 11320 --- [    Test worker] o.s.b.t.m.w.SpringBootMockServletContext : Initializing Spring TestDispatcherServlet ''
2023-11-20T00:48:24.739-03:00  INFO 11320 --- [    Test worker] o.s.t.web.servlet.TestDispatcherServlet  : Initializing Servlet ''
2023-11-20T00:48:24.740-03:00  INFO 11320 --- [    Test worker] o.s.t.web.servlet.TestDispatcherServlet  : Completed initialization in 1 ms
2023-11-20T00:48:25.064-03:00  INFO 11320 --- [    Test worker] c.m.controller.customerControllerTest    : Started customerControllerTest in 8.033 seconds (process running for 9.902)
]]></system-out>
  <system-err><![CDATA[]]></system-err>
</testsuite>
